[2024-07-20T06:02:44.018Z] INFO  desktop-kaufcr7-13132/BROKER: Moleculer v0.14.33 is starting...
[2024-07-20T06:02:44.019Z] INFO  desktop-kaufcr7-13132/BROKER: Namespace: <not defined>
[2024-07-20T06:02:44.019Z] INFO  desktop-kaufcr7-13132/BROKER: Node ID: desktop-kaufcr7-13132
[2024-07-20T06:02:44.020Z] INFO  desktop-kaufcr7-13132/REGISTRY: Strategy: RoundRobinStrategy
[2024-07-20T06:02:44.020Z] INFO  desktop-kaufcr7-13132/REGISTRY: Discoverer: LocalDiscoverer
[2024-07-20T06:02:44.026Z] INFO  desktop-kaufcr7-13132/BROKER: Serializer: JSONSerializer
[2024-07-20T06:02:44.035Z] INFO  desktop-kaufcr7-13132/BROKER: Validator: FastestValidator
[2024-07-20T06:02:44.036Z] INFO  desktop-kaufcr7-13132/BROKER: Registered 13 middleware(s).
[2024-07-20T06:02:44.048Z] INFO  desktop-kaufcr7-13132/REGISTRY: '$node' service is registered.
[2024-07-20T06:02:44.049Z] INFO  desktop-kaufcr7-13132/REGISTRY: 'hello' service is registered.
[2024-07-20T06:02:44.049Z] INFO  desktop-kaufcr7-13132/$NODE: Service '$node' started.
[2024-07-20T06:02:44.049Z] INFO  desktop-kaufcr7-13132/HELLO: Service 'hello' started.
[2024-07-20T06:02:44.050Z] INFO  desktop-kaufcr7-13132/BROKER: ✔ ServiceBroker with 2 service(s) started successfully in 5ms.
[2024-07-20T06:02:44.051Z] INFO  desktop-kaufcr7-13132/HELLO: Say Hello is called
[2024-07-20T06:02:44.154Z] INFO  desktop-kaufcr7-13132/$NODE: Service '$node' stopped.
[2024-07-20T06:02:44.154Z] INFO  desktop-kaufcr7-13132/HELLO: Service 'hello' stopped.
[2024-07-20T06:02:44.154Z] INFO  desktop-kaufcr7-13132/BROKER: ServiceBroker is stopped. Good bye.
[2024-07-20T06:03:41.190Z] INFO  desktop-kaufcr7-13340/BROKER: Moleculer v0.14.33 is starting...
[2024-07-20T06:03:41.191Z] INFO  desktop-kaufcr7-13340/BROKER: Namespace: <not defined>
[2024-07-20T06:03:41.191Z] INFO  desktop-kaufcr7-13340/BROKER: Node ID: desktop-kaufcr7-13340
[2024-07-20T06:03:41.192Z] INFO  desktop-kaufcr7-13340/REGISTRY: Strategy: RoundRobinStrategy
[2024-07-20T06:03:41.192Z] INFO  desktop-kaufcr7-13340/REGISTRY: Discoverer: LocalDiscoverer
[2024-07-20T06:03:41.198Z] INFO  desktop-kaufcr7-13340/BROKER: Serializer: JSONSerializer
[2024-07-20T06:03:41.207Z] INFO  desktop-kaufcr7-13340/BROKER: Validator: FastestValidator
[2024-07-20T06:03:41.208Z] INFO  desktop-kaufcr7-13340/BROKER: Registered 13 middleware(s).
[2024-07-20T06:03:41.221Z] INFO  desktop-kaufcr7-13340/REGISTRY: '$node' service is registered.
[2024-07-20T06:03:41.222Z] INFO  desktop-kaufcr7-13340/REGISTRY: 'hello' service is registered.
[2024-07-20T06:03:41.222Z] INFO  desktop-kaufcr7-13340/$NODE: Service '$node' started.
[2024-07-20T06:03:41.222Z] INFO  desktop-kaufcr7-13340/HELLO: Service 'hello' started.
[2024-07-20T06:03:41.222Z] INFO  desktop-kaufcr7-13340/BROKER: ✔ ServiceBroker with 2 service(s) started successfully in 5ms.
[2024-07-20T06:04:01.496Z] INFO  desktop-kaufcr7-13340/HELLO: Say Hello is called
[2024-07-20T06:04:14.260Z] INFO  desktop-kaufcr7-13340/HELLO: Say Hello is called
[2024-07-20T06:04:19.021Z] INFO  desktop-kaufcr7-13340/HELLO: Say Hello is called
[2024-07-20T06:05:52.700Z] INFO  desktop-kaufcr7-13340/$NODE: Service '$node' stopped.
[2024-07-20T06:05:52.700Z] INFO  desktop-kaufcr7-13340/HELLO: Service 'hello' stopped.
[2024-07-20T06:05:52.701Z] INFO  desktop-kaufcr7-13340/BROKER: ServiceBroker is stopped. Good bye.
